0 info it worked if it ends with ok
1 verbose cli [ '/usr/local/bin/node', '/usr/local/bin/npm', 'start' ]
2 info using npm@3.6.0
3 info using node@v5.6.0
4 verbose run-script [ 'prestart', 'start', 'poststart' ]
5 info lifecycle expresscalc@0.0.1~prestart: expresscalc@0.0.1
6 silly lifecycle expresscalc@0.0.1~prestart: no script for prestart, continuing
7 info lifecycle expresscalc@0.0.1~start: expresscalc@0.0.1
8 verbose lifecycle expresscalc@0.0.1~start: unsafe-perm in lifecycle true
9 verbose lifecycle expresscalc@0.0.1~start: PATH: /usr/local/lib/node_modules/npm/bin/node-gyp-bin:/Users/damir/Work/calc/node_modules/.bin:/usr/bin:/bin:/usr/sbin:/sbin:/usr/local/bin
10 verbose lifecycle expresscalc@0.0.1~start: CWD: /Users/damir/Work/calc
11 silly lifecycle expresscalc@0.0.1~start: Args: [ '-c', 'node ./bin/www.js' ]
12 silly lifecycle expresscalc@0.0.1~start: Returned: code: 1  signal: null
13 info lifecycle expresscalc@0.0.1~start: Failed to exec start script
14 verbose stack Error: expresscalc@0.0.1 start: `node ./bin/www.js`
14 verbose stack Exit status 1
14 verbose stack     at EventEmitter.<anonymous> (/usr/local/lib/node_modules/npm/lib/utils/lifecycle.js:232:16)
14 verbose stack     at emitTwo (events.js:100:13)
14 verbose stack     at EventEmitter.emit (events.js:185:7)
14 verbose stack     at ChildProcess.<anonymous> (/usr/local/lib/node_modules/npm/lib/utils/spawn.js:24:14)
14 verbose stack     at emitTwo (events.js:100:13)
14 verbose stack     at ChildProcess.emit (events.js:185:7)
14 verbose stack     at maybeClose (internal/child_process.js:827:16)
14 verbose stack     at Process.ChildProcess._handle.onexit (internal/child_process.js:211:5)
15 verbose pkgid expresscalc@0.0.1
16 verbose cwd /Users/damir/Work/calc
17 error Darwin 15.3.0
18 error argv "/usr/local/bin/node" "/usr/local/bin/npm" "start"
19 error node v5.6.0
20 error npm  v3.6.0
21 error code ELIFECYCLE
22 error expresscalc@0.0.1 start: `node ./bin/www.js`
22 error Exit status 1
23 error Failed at the expresscalc@0.0.1 start script 'node ./bin/www.js'.
23 error Make sure you have the latest version of node.js and npm installed.
23 error If you do, this is most likely a problem with the expresscalc package,
23 error not with npm itself.
23 error Tell the author that this fails on your system:
23 error     node ./bin/www.js
23 error You can get information on how to open an issue for this project with:
23 error     npm bugs expresscalc
23 error Or if that isn't available, you can get their info via:
23 error     npm owner ls expresscalc
23 error There is likely additional logging output above.
24 verbose exit [ 1, true ]
